# JRE version: Java(TM) SE Runtime Environment (8.0_05-b13) (build 1.8.0_05-b13)
# Java VM: Java HotSpot(TM) 64-Bit Server VM (25.5-b02 mixed mode windows-amd64 compressed oops)
Heap:
 PSYoungGen      total 247808K, used 74741K [0x00000000d5580000, 0x00000000e6500000, 0x0000000100000000)
  eden space 231424K, 25% used [0x00000000d5580000,0x00000000d8e7d638,0x00000000e3780000)
  from space 16384K, 100% used [0x00000000e4c00000,0x00000000e5c00000,0x00000000e5c00000)
  to   space 20992K, 0% used [0x00000000e3780000,0x00000000e3780000,0x00000000e4c00000)
 ParOldGen       total 129536K, used 32126K [0x0000000080000000, 0x0000000087e80000, 0x00000000d5580000)
  object space 129536K, 24% used [0x0000000080000000,0x0000000081f5fbb8,0x0000000087e80000)
 Metaspace       used 13218K, capacity 13376K, committed 13696K, reserved 1060864K
  class space    used 1537K, capacity 1596K, committed 1664K, reserved 1048576K
GC Heap History (10 events):
Event: 5.036 GC heap before
{Heap before GC invocations=22 (full 0):
 PSYoungGen      total 96256K, used 96256K [0x00000000d5580000, 0x00000000ddb80000, 0x0000000100000000)
  eden space 94208K, 100% used [0x00000000d5580000,0x00000000db180000,0x00000000db180000)
  from space 2048K, 100% used [0x00000000db180000,0x00000000db380000,0x00000000db380000)
  to   space 2560K, 0% used [0x00000000dd900000,0x00000000dd900000,0x00000000ddb80000)
 ParOldGen       total 129536K, used 3510K [0x0000000080000000, 0x0000000087e80000, 0x00000000d5580000)
  object space 129536K, 2% used [0x0000000080000000,0x000000008036db98,0x0000000087e80000)
 Metaspace       used 12845K, capacity 13024K, committed 13184K, reserved 1060864K
  class space    used 1497K, capacity 1564K, committed 1664K, reserved 1048576K
Event: 5.046 GC heap after
Heap after GC invocations=22 (full 0):
 PSYoungGen      total 134144K, used 1952K [0x00000000d5580000, 0x00000000ddc80000, 0x0000000100000000)
  eden space 131584K, 0% used [0x00000000d5580000,0x00000000d5580000,0x00000000dd600000)
  from space 2560K, 76% used [0x00000000dd900000,0x00000000ddae8000,0x00000000ddb80000)
  to   space 3072K, 0% used [0x00000000dd600000,0x00000000dd600000,0x00000000dd900000)
 ParOldGen       total 129536K, used 3534K [0x0000000080000000, 0x0000000087e80000, 0x00000000d5580000)
  object space 129536K, 2% used [0x0000000080000000,0x0000000080373b98,0x0000000087e80000)
 Metaspace       used 12845K, capacity 13024K, committed 13184K, reserved 1060864K
  class space    used 1497K, capacity 1564K, committed 1664K, reserved 1048576K
}
Event: 9.102 GC heap before
{Heap before GC invocations=23 (full 0):
 PSYoungGen      total 134144K, used 133536K [0x00000000d5580000, 0x00000000ddc80000, 0x0000000100000000)
  eden space 131584K, 100% used [0x00000000d5580000,0x00000000dd600000,0x00000000dd600000)
  from space 2560K, 76% used [0x00000000dd900000,0x00000000ddae8000,0x00000000ddb80000)
  to   space 3072K, 0% used [0x00000000dd600000,0x00000000dd600000,0x00000000dd900000)
 ParOldGen       total 129536K, used 3534K [0x0000000080000000, 0x0000000087e80000, 0x00000000d5580000)
  object space 129536K, 2% used [0x0000000080000000,0x0000000080373b98,0x0000000087e80000)
 Metaspace       used 12850K, capacity 13024K, committed 13184K, reserved 1060864K
  class space    used 1497K, capacity 1564K, committed 1664K, reserved 1048576K
Event: 9.165 GC heap after
Heap after GC invocations=23 (full 0):
 PSYoungGen      total 134656K, used 3072K [0x00000000d5580000, 0x00000000e1880000, 0x0000000100000000)
  eden space 131584K, 0% used [0x00000000d5580000,0x00000000d5580000,0x00000000dd600000)
  from space 3072K, 100% used [0x00000000dd600000,0x00000000dd900000,0x00000000dd900000)
  to   space 7680K, 0% used [0x00000000e1100000,0x00000000e1100000,0x00000000e1880000)
 ParOldGen       total 129536K, used 14230K [0x0000000080000000, 0x0000000087e80000, 0x00000000d5580000)
  object space 129536K, 10% used [0x0000000080000000,0x0000000080de5b98,0x0000000087e80000)
 Metaspace       used 12850K, capacity 13024K, committed 13184K, reserved 1060864K
  class space    used 1497K, capacity 1564K, committed 1664K, reserved 1048576K
}
Event: 13.168 GC heap before
{Heap before GC invocations=24 (full 0):
 PSYoungGen      total 134656K, used 134656K [0x00000000d5580000, 0x00000000e1880000, 0x0000000100000000)
  eden space 131584K, 100% used [0x00000000d5580000,0x00000000dd600000,0x00000000dd600000)
  from space 3072K, 100% used [0x00000000dd600000,0x00000000dd900000,0x00000000dd900000)
  to   space 7680K, 0% used [0x00000000e1100000,0x00000000e1100000,0x00000000e1880000)
 ParOldGen       total 129536K, used 14230K [0x0000000080000000, 0x0000000087e80000, 0x00000000d5580000)
  object space 129536K, 10% used [0x0000000080000000,0x0000000080de5b98,0x0000000087e80000)
 Metaspace       used 12862K, capacity 13024K, committed 13184K, reserved 1060864K
  class space    used 1498K, capacity 1564K, committed 1664K, reserved 1048576K
Event: 13.214 GC heap after
Heap after GC invocations=24 (full 0):
 PSYoungGen      total 188928K, used 7680K [0x00000000d5580000, 0x00000000e1e80000, 0x0000000100000000)
  eden space 181248K, 0% used [0x00000000d5580000,0x00000000d5580000,0x00000000e0680000)
  from space 7680K, 100% used [0x00000000e1100000,0x00000000e1880000,0x00000000e1880000)
  to   space 10752K, 0% used [0x00000000e0680000,0x00000000e0680000,0x00000000e1100000)
 ParOldGen       total 129536K, used 19334K [0x0000000080000000, 0x0000000087e80000, 0x00000000d5580000)
  object space 129536K, 14% used [0x0000000080000000,0x00000000812e1b98,0x0000000087e80000)
 Metaspace       used 12862K, capacity 13024K, committed 13184K, reserved 1060864K
  class space    used 1498K, capacity 1564K, committed 1664K, reserved 1048576K
}
Event: 18.641 GC heap before
{Heap before GC invocations=25 (full 0):
 PSYoungGen      total 188928K, used 188928K [0x00000000d5580000, 0x00000000e1e80000, 0x0000000100000000)
  eden space 181248K, 100% used [0x00000000d5580000,0x00000000e0680000,0x00000000e0680000)
  from space 7680K, 100% used [0x00000000e1100000,0x00000000e1880000,0x00000000e1880000)
  to   space 10752K, 0% used [0x00000000e0680000,0x00000000e0680000,0x00000000e1100000)
 ParOldGen       total 129536K, used 19334K [0x0000000080000000, 0x0000000087e80000, 0x00000000d5580000)
  object space 129536K, 14% used [0x0000000080000000,0x00000000812e1b98,0x0000000087e80000)
 Metaspace       used 12862K, capacity 13024K, committed 13184K, reserved 1060864K
  class space    used 1498K, capacity 1564K, committed 1664K, reserved 1048576K
Event: 18.712 GC heap after
Heap after GC invocations=25 (full 0):
 PSYoungGen      total 192000K, used 10752K [0x00000000d5580000, 0x00000000e5c00000, 0x0000000100000000)
  eden space 181248K, 0% used [0x00000000d5580000,0x00000000d5580000,0x00000000e0680000)
  from space 10752K, 100% used [0x00000000e0680000,0x00000000e1100000,0x00000000e1100000)
  to   space 16384K, 0% used [0x00000000e4c00000,0x00000000e4c00000,0x00000000e5c00000)
 ParOldGen       total 129536K, used 28758K [0x0000000080000000, 0x0000000087e80000, 0x00000000d5580000)
  object space 129536K, 22% used [0x0000000080000000,0x0000000081c15bb8,0x0000000087e80000)
 Metaspace       used 12862K, capacity 13024K, committed 13184K, reserved 1060864K
  class space    used 1498K, capacity 1564K, committed 1664K, reserved 1048576K
}
Event: 23.930 GC heap before
{Heap before GC invocations=26 (full 0):
 PSYoungGen      total 192000K, used 192000K [0x00000000d5580000, 0x00000000e5c00000, 0x0000000100000000)
  eden space 181248K, 100% used [0x00000000d5580000,0x00000000e0680000,0x00000000e0680000)
  from space 10752K, 100% used [0x00000000e0680000,0x00000000e1100000,0x00000000e1100000)
  to   space 16384K, 0% used [0x00000000e4c00000,0x00000000e4c00000,0x00000000e5c00000)
 ParOldGen       total 129536K, used 28758K [0x0000000080000000, 0x0000000087e80000, 0x00000000d5580000)
  object space 129536K, 22% used [0x0000000080000000,0x0000000081c15bb8,0x0000000087e80000)
 Metaspace       used 12862K, capacity 13024K, committed 13184K, reserved 1060864K
  class space    used 1498K, capacity 1564K, committed 1664K, reserved 1048576K
Event: 23.998 GC heap after
Heap after GC invocations=26 (full 0):
 PSYoungGen      total 247808K, used 16384K [0x00000000d5580000, 0x00000000e6500000, 0x0000000100000000)
  eden space 231424K, 0% used [0x00000000d5580000,0x00000000d5580000,0x00000000e3780000)
  from space 16384K, 100% used [0x00000000e4c00000,0x00000000e5c00000,0x00000000e5c00000)
  to   space 20992K, 0% used [0x00000000e3780000,0x00000000e3780000,0x00000000e4c00000)
 ParOldGen       total 129536K, used 32126K [0x0000000080000000, 0x0000000087e80000, 0x00000000d5580000)
  object space 129536K, 24% used [0x0000000080000000,0x0000000081f5fbb8,0x0000000087e80000)
 Metaspace       used 12862K, capacity 13024K, committed 13184K, reserved 1060864K
  class space    used 1498K, capacity 1564K, committed 1664K, reserved 1048576K
}

